TN:
SF:src/DualAuction.sol
FN:92,DualAuction.initialize
FNDA:142,DualAuction.initialize
DA:93,142
DA:94,142
DA:95,142
DA:96,142
BRDA:96,0,0,1
BRDA:96,0,1,6
DA:98,142
BRDA:97,1,0,2
BRDA:97,1,1,4
DA:100,142
DA:101,142
BRDA:101,2,0,-
BRDA:101,2,1,4
DA:102,142
BRDA:102,3,0,-
BRDA:102,3,1,4
DA:103,142
BRDA:103,4,0,-
BRDA:103,4,1,4
DA:104,142
BRDA:104,5,0,1
BRDA:104,5,1,3
DA:105,142
BRDA:105,6,0,-
BRDA:105,6,1,3
DA:106,142
BRDA:106,7,0,1
BRDA:106,7,1,2
DA:107,142
FN:113,DualAuction.bid
FNDA:142,DualAuction.bid
DA:120,142
BRDA:120,8,0,1
BRDA:120,8,1,17
DA:121,142
BRDA:121,9,0,15
BRDA:121,9,1,17
DA:122,142
DA:123,142
DA:129,142
DA:130,142
DA:131,142
DA:132,142
DA:133,142
FN:139,DualAuction.ask
FNDA:142,DualAuction.ask
DA:146,142
BRDA:146,10,0,1
BRDA:146,10,1,17
DA:147,142
BRDA:147,11,0,13
BRDA:147,11,1,17
DA:148,142
DA:149,142
DA:155,142
DA:156,142
DA:157,142
DA:158,142
DA:159,142
FN:165,DualAuction.settle
FNDA:142,DualAuction.settle
DA:166,142
BRDA:166,12,0,-
BRDA:166,12,1,12
DA:167,142
DA:169,142
DA:170,142
DA:171,142
DA:174,142
BRDA:174,13,0,2
BRDA:174,13,1,10
DA:175,142
DA:176,142
DA:179,142
DA:180,142
DA:181,142
DA:182,142
DA:183,142
DA:184,142
DA:187,142
DA:191,142
BRDA:191,14,0,12
BRDA:191,14,1,77
DA:192,142
DA:193,142
BRDA:193,15,0,12
BRDA:193,15,1,77
DA:196,142
BRDA:196,16,0,11
BRDA:196,16,1,23
DA:197,142
DA:202,142
BRDA:202,17,0,11
BRDA:202,17,1,23
DA:205,142
DA:207,142
BRDA:207,18,0,13
BRDA:207,18,1,80
DA:208,142
DA:209,142
DA:210,142
DA:211,142
DA:212,142
DA:213,142
DA:216,142
BRDA:216,19,0,76
BRDA:216,19,1,80
DA:217,142
BRDA:217,20,0,18
BRDA:217,20,1,80
DA:220,142
DA:221,142
DA:222,142
DA:223,142
DA:224,142
DA:226,142
DA:227,142
FN:233,DualAuction.redeem
FNDA:142,DualAuction.redeem
DA:239,142
BRDA:239,21,0,-
BRDA:239,21,1,17
DA:240,142
DA:241,142
DA:243,142
DA:245,142
BRDA:245,22,0,-
BRDA:245,22,1,13
DA:246,142
BRDA:246,23,0,5
BRDA:246,23,1,13
DA:247,142
DA:248,142
DA:249,142
DA:252,142
BRDA:252,24,0,-
BRDA:252,24,1,9
DA:253,142
BRDA:253,25,0,6
BRDA:253,25,1,9
DA:254,142
DA:255,142
DA:256,142
DA:259,142
FN:265,DualAuction.clearingPrice
FNDA:142,DualAuction.clearingPrice
DA:266,142
FN:276,DualAuction.shareValue
FNDA:142,DualAuction.shareValue
DA:281,142
DA:282,142
DA:284,142
BRDA:284,26,0,-
BRDA:284,26,1,5
DA:285,142
DA:286,142
BRDA:286,27,0,-
BRDA:286,27,1,6
DA:288,142
DA:289,142
BRDA:289,28,0,-
BRDA:289,28,1,6
DA:291,142
DA:292,142
DA:298,142
DA:304,142
DA:310,142
DA:311,142
BRDA:311,29,0,-
BRDA:311,29,1,5
DA:313,142
DA:314,142
BRDA:314,30,0,-
BRDA:314,30,1,5
DA:316,142
DA:319,142
DA:324,142
DA:326,142
DA:329,142
FNF:7
FNH:7
LF:105
LH:105
BRF:62
BRH:49
end_of_record
TN:
SF:src/DualAuctionFactory.sol
FN:22,DualAuctionFactory.createAuction
FNDA:7,DualAuctionFactory.createAuction
DA:31,7
DA:40,7
DA:42,7
DA:44,7
DA:45,7
FNF:1
FNH:1
LF:5
LH:5
BRF:0
BRH:0
end_of_record
TN:
SF:src/test/mock/MockDeflationaryERC20.sol
FN:19,MockDeflationaryERC20.transfer
FNDA:15,MockDeflationaryERC20.transfer
DA:20,15
DA:25,15
DA:30,15
DA:33,15
DA:35,15
FN:38,MockDeflationaryERC20.transferFrom
FNDA:15,MockDeflationaryERC20.transferFrom
DA:43,15
DA:48,15
DA:50,15
BRDA:50,0,0,4
BRDA:50,0,1,2
DA:52,15
DA:57,15
DA:60,15
DA:62,15
FN:65,MockDeflationaryERC20.mint
FNDA:15,MockDeflationaryERC20.mint
DA:66,15
FNF:3
FNH:3
LF:13
LH:13
BRF:2
BRH:2
end_of_record
TN:
SF:src/test/mock/MockERC20.sol
FN:10,MockERC20.mint
FNDA:226,MockERC20.mint
DA:11,226
FNF:1
FNH:1
LF:1
LH:1
BRF:0
BRH:0
end_of_record
TN:
SF:src/test/mock/MockEventEmitter.sol
FN:9,MockEventEmitter.maxBid
FNDA:0,MockEventEmitter.maxBid
DA:10,0
FN:13,MockEventEmitter.minAsk
FNDA:0,MockEventEmitter.minAsk
DA:14,0
FN:17,MockEventEmitter.clearingPrice
FNDA:0,MockEventEmitter.clearingPrice
DA:18,0
FN:21,MockEventEmitter.settled
FNDA:0,MockEventEmitter.settled
DA:22,0
FN:25,MockEventEmitter.bid
FNDA:0,MockEventEmitter.bid
DA:26,0
FN:29,MockEventEmitter.ask
FNDA:0,MockEventEmitter.ask
DA:30,0
FN:33,MockEventEmitter.settle
FNDA:0,MockEventEmitter.settle
DA:34,0
FN:37,MockEventEmitter.redeem
FNDA:0,MockEventEmitter.redeem
DA:38,0
FN:41,MockEventEmitter.createAuction
FNDA:0,MockEventEmitter.createAuction
DA:50,0
FNF:9
FNH:0
LF:9
LH:0
BRF:0
BRH:0
end_of_record
TN:
SF:src/test/mock/users/AuctionUser.sol
FN:14,AuctionUser.approve
FNDA:132,AuctionUser.approve
DA:15,132
FN:18,AuctionUser.bid
FNDA:132,AuctionUser.bid
DA:19,132
FN:22,AuctionUser.ask
FNDA:132,AuctionUser.ask
DA:23,132
FN:26,AuctionUser.redeem
FNDA:132,AuctionUser.redeem
DA:27,132
FNF:4
FNH:4
LF:4
LH:4
BRF:0
BRH:0
end_of_record
TN:
SF:src/utils/AuctionConversions.sol
FN:18,AuctionConversions.toAskTokenId
FNDA:14,AuctionConversions.toAskTokenId
DA:19,14
BRDA:19,0,0,1
BRDA:19,0,1,107
DA:22,14
FN:29,AuctionConversions.toBidTokenId
FNDA:14,AuctionConversions.toBidTokenId
DA:30,14
BRDA:30,1,0,1
BRDA:30,1,1,53
DA:32,14
FN:38,AuctionConversions.isBidTokenId
FNDA:0,AuctionConversions.isBidTokenId
DA:40,0
FN:46,AuctionConversions.toPrice
FNDA:0,AuctionConversions.toPrice
DA:48,0
FN:57,AuctionConversions.askToBid
FNDA:0,AuctionConversions.askToBid
DA:62,0
FN:76,AuctionConversions.bidToAsk
FNDA:0,AuctionConversions.bidToAsk
DA:81,0
BRDA:81,2,0,-
BRDA:81,2,1,23
DA:82,0
FN:96,AuctionConversions.max
FNDA:0,AuctionConversions.max
DA:97,0
FN:106,AuctionConversions.min
FNDA:102,AuctionConversions.min
DA:107,102
FNF:8
FNH:3
LF:11
LH:5
BRF:6
BRH:5
end_of_record
TN:
SF:src/utils/AuctionImmutableArgs.sol
FN:19,AuctionImmutableArgs.bidAsset
FNDA:2,AuctionImmutableArgs.bidAsset
DA:20,2
FN:29,AuctionImmutableArgs.askAsset
FNDA:2,AuctionImmutableArgs.askAsset
DA:30,2
FN:40,AuctionImmutableArgs.minPrice
FNDA:2,AuctionImmutableArgs.minPrice
DA:41,2
FN:51,AuctionImmutableArgs.maxPrice
FNDA:2,AuctionImmutableArgs.maxPrice
DA:52,2
FN:63,AuctionImmutableArgs.tickWidth
FNDA:3,AuctionImmutableArgs.tickWidth
DA:64,3
FN:73,AuctionImmutableArgs.priceDenominator
FNDA:2,AuctionImmutableArgs.priceDenominator
DA:74,2
FN:83,AuctionImmutableArgs.endDate
FNDA:2,AuctionImmutableArgs.endDate
DA:84,2
FNF:7
FNH:7
LF:7
LH:7
BRF:0
BRH:0
end_of_record
